<?xml version="1.0" encoding="UTF-8"?>
<robot generator="Robot 5.0.1 (Python 3.10.1 on win32)" generated="20220610 16:54:53.372" rpa="false" schemaversion="3">
<suite id="s1" name="TestCases" source="E:\Workspace\RobotPOMWay2\TestCases">
<suite id="s1-s1" name="Findnewcartext" source="E:\Workspace\RobotPOMWay2\TestCases\findnewcartext.robot">
<test id="s1-s1-t1" name="find new car test" line="16">
<kw name="launching browser" library="Commons">
<arg>${testsiteurl}</arg>
<arg>Chrome</arg>
<kw name="Open Browser" library="SeleniumLibrary">
<arg>${url}</arg>
<arg>${browserName}</arg>
<doc>Opens a new browser instance to the optional ``url``.</doc>
<msg timestamp="20220610 16:54:53.950" level="INFO">Opening browser 'Chrome' to base url 'https://www.carwale.com/'.</msg>
<status status="PASS" starttime="20220610 16:54:53.949" endtime="20220610 16:55:03.309"/>
</kw>
<kw name="Set Selenium Implicit Wait" library="SeleniumLibrary">
<arg>10 seconds</arg>
<doc>Sets the implicit wait value used by Selenium.</doc>
<status status="PASS" starttime="20220610 16:55:03.310" endtime="20220610 16:55:03.314"/>
</kw>
<kw name="Log Title" library="SeleniumLibrary">
<doc>Logs and returns the title of the current page.</doc>
<msg timestamp="20220610 16:55:03.321" level="INFO">New Cars, Used Cars, Buy a Car, Sell Your Car - CarWale</msg>
<status status="PASS" starttime="20220610 16:55:03.314" endtime="20220610 16:55:03.321"/>
</kw>
<status status="PASS" starttime="20220610 16:54:53.948" endtime="20220610 16:55:03.321"/>
</kw>
<kw name="Go to new car page" library="HomePage">
<kw name="Maximize Browser Window" library="SeleniumLibrary">
<doc>Maximizes current browser window.</doc>
<status status="PASS" starttime="20220610 16:55:03.323" endtime="20220610 16:55:03.457"/>
</kw>
<kw name="Wait Until Element Is Visible" library="SeleniumLibrary">
<arg>${newcar_xpath}</arg>
<doc>Waits until the element ``locator`` is visible.</doc>
<status status="PASS" starttime="20220610 16:55:03.458" endtime="20220610 16:55:03.606"/>
</kw>
<kw name="Sleep" library="BuiltIn">
<arg>2</arg>
<doc>Pauses the test executed for the given time.</doc>
<msg timestamp="20220610 16:55:05.632" level="INFO">Slept 2 seconds</msg>
<status status="PASS" starttime="20220610 16:55:03.606" endtime="20220610 16:55:05.634"/>
</kw>
<kw name="Mouse Over" library="SeleniumLibrary">
<arg>${newcar_xpath}</arg>
<doc>Simulates hovering the mouse over the element ``locator``.</doc>
<msg timestamp="20220610 16:55:05.635" level="INFO">Simulating Mouse Over on element '//div[normalize-space()='NEW CARS']'.</msg>
<status status="PASS" starttime="20220610 16:55:05.634" endtime="20220610 16:55:08.066"/>
</kw>
<kw name="Sleep" library="BuiltIn">
<arg>2</arg>
<doc>Pauses the test executed for the given time.</doc>
<msg timestamp="20220610 16:55:10.070" level="INFO">Slept 2 seconds</msg>
<status status="PASS" starttime="20220610 16:55:08.066" endtime="20220610 16:55:10.071"/>
</kw>
<kw name="Click Element" library="SeleniumLibrary">
<arg>${findnewcarxpath}</arg>
<doc>Click the element identified by ``locator``.</doc>
<msg timestamp="20220610 16:55:10.087" level="INFO">Clicking element '//*[text()='Find New Cars']'.</msg>
<status status="PASS" starttime="20220610 16:55:10.074" endtime="20220610 16:55:10.601"/>
</kw>
<kw name="Element Text Should Be" library="SeleniumLibrary">
<arg>${newcar_header_xpath}</arg>
<arg>New Cars</arg>
<doc>Verifies that element ``locator`` contains exact the text ``expected``.</doc>
<msg timestamp="20220610 16:55:10.602" level="INFO">Verifying element '//h1[normalize-space()='New Cars']' contains exact text 'New Cars'.</msg>
<status status="PASS" starttime="20220610 16:55:10.601" endtime="20220610 16:55:14.593"/>
</kw>
<status status="PASS" starttime="20220610 16:55:03.322" endtime="20220610 16:55:14.593"/>
</kw>
<kw name="Go to Kia" library="Newcarpage">
<kw name="Click Element" library="SeleniumLibrary">
<arg>${kia_xpath}</arg>
<doc>Click the element identified by ``locator``.</doc>
<msg timestamp="20220610 16:55:14.599" level="INFO">Clicking element '//img[@title='Kia']'.</msg>
<status status="PASS" starttime="20220610 16:55:14.597" endtime="20220610 16:55:15.147"/>
</kw>
<status status="PASS" starttime="20220610 16:55:14.595" endtime="20220610 16:55:15.148"/>
</kw>
<kw name="Verify car heading" library="carbasepage">
<arg>Kia Cars</arg>
<kw name="Element Text Should Be" library="SeleniumLibrary">
<arg>${carheading_xpath}</arg>
<arg>${carheading}</arg>
<doc>Verifies that element ``locator`` contains exact the text ``expected``.</doc>
<msg timestamp="20220610 16:55:15.151" level="INFO">Verifying element '//h1[@class='o-dOKno o-bNCMFw o-fzoTzs o-dKUdmM']' contains exact text 'Kia Cars'.</msg>
<status status="PASS" starttime="20220610 16:55:15.150" endtime="20220610 16:55:17.575"/>
</kw>
<status status="PASS" starttime="20220610 16:55:15.148" endtime="20220610 16:55:17.575"/>
</kw>
<kw name="Sleep" library="BuiltIn">
<arg>3</arg>
<doc>Pauses the test executed for the given time.</doc>
<msg timestamp="20220610 16:55:20.584" level="INFO">Slept 3 seconds</msg>
<status status="PASS" starttime="20220610 16:55:17.576" endtime="20220610 16:55:20.584"/>
</kw>
<kw name="Finish test case" library="Commons" type="TEARDOWN">
<kw name="Log" library="BuiltIn">
<arg>Ending the test cases</arg>
<doc>Logs the given message with the given level.</doc>
<msg timestamp="20220610 16:55:20.588" level="INFO">Ending the test cases</msg>
<status status="PASS" starttime="20220610 16:55:20.586" endtime="20220610 16:55:20.588"/>
</kw>
<kw name="Close Browser" library="SeleniumLibrary">
<doc>Closes the current browser.</doc>
<status status="PASS" starttime="20220610 16:55:20.588" endtime="20220610 16:55:24.787"/>
</kw>
<status status="PASS" starttime="20220610 16:55:20.585" endtime="20220610 16:55:24.788"/>
</kw>
<status status="PASS" starttime="20220610 16:54:53.947" endtime="20220610 16:55:24.788"/>
</test>
<status status="PASS" starttime="20220610 16:54:53.489" endtime="20220610 16:55:24.790"/>
</suite>
<status status="PASS" starttime="20220610 16:54:53.412" endtime="20220610 16:55:24.794"/>
</suite>
<statistics>
<total>
<stat pass="1" fail="0" skip="0">All Tests</stat>
</total>
<tag>
</tag>
<suite>
<stat pass="1" fail="0" skip="0" id="s1" name="TestCases">TestCases</stat>
<stat pass="1" fail="0" skip="0" id="s1-s1" name="Findnewcartext">TestCases.Findnewcartext</stat>
</suite>
</statistics>
<errors>
</errors>
</robot>
