<?xml version="1.0" encoding="UTF-8"?>
<robot generator="Rebot 5.0.1 (Python 3.10.1 on win32)" generated="20220610 16:56:02.446" rpa="false" schemaversion="3">
<suite id="s1" name="TestCases" source="E:\Workspace\RobotPOMWay2\TestCases">
<suite id="s1-s1" name="Findnewcartext" source="E:\Workspace\RobotPOMWay2\TestCases\findnewcartext.robot">
<test id="s1-s1-t1" name="find new car test" line="16">
<kw name="launching browser" library="Commons">
<arg>${testsiteurl}</arg>
<arg>Chrome</arg>
<kw name="Open Browser" library="SeleniumLibrary">
<arg>${url}</arg>
<arg>${browserName}</arg>
<doc>Opens a new browser instance to the optional ``url``.</doc>
<msg timestamp="20220610 16:54:53.950" level="INFO">Opening browser 'Chrome' to base url 'https://www.carwale.com/'.</msg>
<status status="PASS" starttime="20220610 16:54:53.949" endtime="20220610 16:55:03.309"/>
</kw>
<kw name="Set Selenium Implicit Wait" library="SeleniumLibrary">
<arg>10 seconds</arg>
<doc>Sets the implicit wait value used by Selenium.</doc>
<status status="PASS" starttime="20220610 16:55:03.310" endtime="20220610 16:55:03.314"/>
</kw>
<kw name="Log Title" library="SeleniumLibrary">
<doc>Logs and returns the title of the current page.</doc>
<msg timestamp="20220610 16:55:03.321" level="INFO">New Cars, Used Cars, Buy a Car, Sell Your Car - CarWale</msg>
<status status="PASS" starttime="20220610 16:55:03.314" endtime="20220610 16:55:03.321"/>
</kw>
<status status="PASS" starttime="20220610 16:54:53.948" endtime="20220610 16:55:03.321"/>
</kw>
<kw name="Go to new car page" library="HomePage">
<kw name="Maximize Browser Window" library="SeleniumLibrary">
<doc>Maximizes current browser window.</doc>
<status status="PASS" starttime="20220610 16:55:03.323" endtime="20220610 16:55:03.457"/>
</kw>
<kw name="Wait Until Element Is Visible" library="SeleniumLibrary">
<arg>${newcar_xpath}</arg>
<doc>Waits until the element ``locator`` is visible.</doc>
<status status="PASS" starttime="20220610 16:55:03.458" endtime="20220610 16:55:03.606"/>
</kw>
<kw name="Sleep" library="BuiltIn">
<arg>2</arg>
<doc>Pauses the test executed for the given time.</doc>
<msg timestamp="20220610 16:55:05.632" level="INFO">Slept 2 seconds</msg>
<status status="PASS" starttime="20220610 16:55:03.606" endtime="20220610 16:55:05.634"/>
</kw>
<kw name="Mouse Over" library="SeleniumLibrary">
<arg>${newcar_xpath}</arg>
<doc>Simulates hovering the mouse over the element ``locator``.</doc>
<msg timestamp="20220610 16:55:05.635" level="INFO">Simulating Mouse Over on element '//div[normalize-space()='NEW CARS']'.</msg>
<status status="PASS" starttime="20220610 16:55:05.634" endtime="20220610 16:55:08.066"/>
</kw>
<kw name="Sleep" library="BuiltIn">
<arg>2</arg>
<doc>Pauses the test executed for the given time.</doc>
<msg timestamp="20220610 16:55:10.070" level="INFO">Slept 2 seconds</msg>
<status status="PASS" starttime="20220610 16:55:08.066" endtime="20220610 16:55:10.071"/>
</kw>
<kw name="Click Element" library="SeleniumLibrary">
<arg>${findnewcarxpath}</arg>
<doc>Click the element identified by ``locator``.</doc>
<msg timestamp="20220610 16:55:10.087" level="INFO">Clicking element '//*[text()='Find New Cars']'.</msg>
<status status="PASS" starttime="20220610 16:55:10.074" endtime="20220610 16:55:10.601"/>
</kw>
<kw name="Element Text Should Be" library="SeleniumLibrary">
<arg>${newcar_header_xpath}</arg>
<arg>New Cars</arg>
<doc>Verifies that element ``locator`` contains exact the text ``expected``.</doc>
<msg timestamp="20220610 16:55:10.602" level="INFO">Verifying element '//h1[normalize-space()='New Cars']' contains exact text 'New Cars'.</msg>
<status status="PASS" starttime="20220610 16:55:10.601" endtime="20220610 16:55:14.593"/>
</kw>
<status status="PASS" starttime="20220610 16:55:03.322" endtime="20220610 16:55:14.593"/>
</kw>
<kw name="Go to Kia" library="Newcarpage">
<kw name="Click Element" library="SeleniumLibrary">
<arg>${kia_xpath}</arg>
<doc>Click the element identified by ``locator``.</doc>
<msg timestamp="20220610 16:55:14.599" level="INFO">Clicking element '//img[@title='Kia']'.</msg>
<status status="PASS" starttime="20220610 16:55:14.597" endtime="20220610 16:55:15.147"/>
</kw>
<status status="PASS" starttime="20220610 16:55:14.595" endtime="20220610 16:55:15.148"/>
</kw>
<kw name="Verify car heading" library="carbasepage">
<arg>Kia Cars</arg>
<kw name="Element Text Should Be" library="SeleniumLibrary">
<arg>${carheading_xpath}</arg>
<arg>${carheading}</arg>
<doc>Verifies that element ``locator`` contains exact the text ``expected``.</doc>
<msg timestamp="20220610 16:55:15.151" level="INFO">Verifying element '//h1[@class='o-dOKno o-bNCMFw o-fzoTzs o-dKUdmM']' contains exact text 'Kia Cars'.</msg>
<status status="PASS" starttime="20220610 16:55:15.150" endtime="20220610 16:55:17.575"/>
</kw>
<status status="PASS" starttime="20220610 16:55:15.148" endtime="20220610 16:55:17.575"/>
</kw>
<kw name="Sleep" library="BuiltIn">
<arg>3</arg>
<doc>Pauses the test executed for the given time.</doc>
<msg timestamp="20220610 16:55:20.584" level="INFO">Slept 3 seconds</msg>
<status status="PASS" starttime="20220610 16:55:17.576" endtime="20220610 16:55:20.584"/>
</kw>
<kw name="Finish test case" library="Commons" type="TEARDOWN">
<kw name="Log" library="BuiltIn">
<arg>Ending the test cases</arg>
<doc>Logs the given message with the given level.</doc>
<msg timestamp="20220610 16:55:20.588" level="INFO">Ending the test cases</msg>
<status status="PASS" starttime="20220610 16:55:20.586" endtime="20220610 16:55:20.588"/>
</kw>
<kw name="Close Browser" library="SeleniumLibrary">
<doc>Closes the current browser.</doc>
<status status="PASS" starttime="20220610 16:55:20.588" endtime="20220610 16:55:24.787"/>
</kw>
<status status="PASS" starttime="20220610 16:55:20.585" endtime="20220610 16:55:24.788"/>
</kw>
<status status="PASS" starttime="20220610 16:54:53.947" endtime="20220610 16:55:24.788"/>
</test>
<status status="PASS" starttime="20220610 16:54:53.489" endtime="20220610 16:55:24.790"/>
</suite>
<suite id="s1-s2" name="Findnewcartextdatadriven" source="E:\Workspace\RobotPOMWay2\TestCases\findnewcartextdatadriven.robot">
<test id="s1-s2-t1" name="Get new cars name toyota" line="18">
<kw name="find new cars">
<arg>Chrome</arg>
<arg>toyota</arg>
<arg>Toyota Cars</arg>
<kw name="launching browser" library="Commons">
<arg>${testsiteurl}</arg>
<arg>${Browser}</arg>
<kw name="Open Browser" library="SeleniumLibrary">
<arg>${url}</arg>
<arg>${browserName}</arg>
<doc>Opens a new browser instance to the optional ``url``.</doc>
<msg timestamp="20220610 16:54:59.906" level="INFO">Opening browser 'Chrome' to base url 'https://www.carwale.com/'.</msg>
<status status="PASS" starttime="20220610 16:54:59.906" endtime="20220610 16:55:08.417"/>
</kw>
<kw name="Set Selenium Implicit Wait" library="SeleniumLibrary">
<arg>10 seconds</arg>
<doc>Sets the implicit wait value used by Selenium.</doc>
<status status="PASS" starttime="20220610 16:55:08.418" endtime="20220610 16:55:08.421"/>
</kw>
<kw name="Log Title" library="SeleniumLibrary">
<doc>Logs and returns the title of the current page.</doc>
<msg timestamp="20220610 16:55:08.434" level="INFO">New Cars, Used Cars, Buy a Car, Sell Your Car - CarWale</msg>
<status status="PASS" starttime="20220610 16:55:08.421" endtime="20220610 16:55:08.434"/>
</kw>
<status status="PASS" starttime="20220610 16:54:59.904" endtime="20220610 16:55:08.435"/>
</kw>
<kw name="Go to new car page" library="HomePage">
<kw name="Maximize Browser Window" library="SeleniumLibrary">
<doc>Maximizes current browser window.</doc>
<status status="PASS" starttime="20220610 16:55:08.437" endtime="20220610 16:55:08.784"/>
</kw>
<kw name="Wait Until Element Is Visible" library="SeleniumLibrary">
<arg>${newcar_xpath}</arg>
<doc>Waits until the element ``locator`` is visible.</doc>
<status status="PASS" starttime="20220610 16:55:08.785" endtime="20220610 16:55:08.841"/>
</kw>
<kw name="Sleep" library="BuiltIn">
<arg>2</arg>
<doc>Pauses the test executed for the given time.</doc>
<msg timestamp="20220610 16:55:10.860" level="INFO">Slept 2 seconds</msg>
<status status="PASS" starttime="20220610 16:55:08.841" endtime="20220610 16:55:10.860"/>
</kw>
<kw name="Mouse Over" library="SeleniumLibrary">
<arg>${newcar_xpath}</arg>
<doc>Simulates hovering the mouse over the element ``locator``.</doc>
<msg timestamp="20220610 16:55:10.867" level="INFO">Simulating Mouse Over on element '//div[normalize-space()='NEW CARS']'.</msg>
<status status="PASS" starttime="20220610 16:55:10.867" endtime="20220610 16:55:21.591"/>
</kw>
<kw name="Sleep" library="BuiltIn">
<arg>2</arg>
<doc>Pauses the test executed for the given time.</doc>
<msg timestamp="20220610 16:55:23.602" level="INFO">Slept 2 seconds</msg>
<status status="PASS" starttime="20220610 16:55:21.592" endtime="20220610 16:55:23.602"/>
</kw>
<kw name="Click Element" library="SeleniumLibrary">
<arg>${findnewcarxpath}</arg>
<doc>Click the element identified by ``locator``.</doc>
<msg timestamp="20220610 16:55:23.603" level="INFO">Clicking element '//*[text()='Find New Cars']'.</msg>
<msg timestamp="20220610 16:55:34.692" level="INFO" html="true">&lt;/td&gt;&lt;/tr&gt;&lt;tr&gt;&lt;td colspan="3"&gt;&lt;a href="1-selenium-screenshot-1.png"&gt;&lt;img src="1-selenium-screenshot-1.png" width="800px"&gt;&lt;/a&gt;</msg>
<msg timestamp="20220610 16:55:34.694" level="FAIL">Element with locator '//*[text()='Find New Cars']' not found.</msg>
<status status="FAIL" starttime="20220610 16:55:23.602" endtime="20220610 16:55:34.697"/>
</kw>
<kw name="Element Text Should Be" library="SeleniumLibrary">
<arg>${newcar_header_xpath}</arg>
<arg>New Cars</arg>
<doc>Verifies that element ``locator`` contains exact the text ``expected``.</doc>
<status status="NOT RUN" starttime="20220610 16:55:34.698" endtime="20220610 16:55:34.698"/>
</kw>
<status status="FAIL" starttime="20220610 16:55:08.435" endtime="20220610 16:55:34.699"/>
</kw>
<if>
<branch type="IF" condition="&quot;${Brandname}&quot; == &quot;toyota&quot;">
<kw name="Go to toyota" library="Newcarpage">
<status status="NOT RUN" starttime="20220610 16:55:34.700" endtime="20220610 16:55:34.701"/>
</kw>
<status status="NOT RUN" starttime="20220610 16:55:34.700" endtime="20220610 16:55:34.701"/>
</branch>
<branch type="ELSE IF" condition="&quot;${Brandname}&quot; == &quot;kia&quot;">
<kw name="Go to Kia" library="Newcarpage">
<status status="NOT RUN" starttime="20220610 16:55:34.701" endtime="20220610 16:55:34.702"/>
</kw>
<status status="NOT RUN" starttime="20220610 16:55:34.701" endtime="20220610 16:55:34.702"/>
</branch>
<status status="NOT RUN" starttime="20220610 16:55:34.700" endtime="20220610 16:55:34.702"/>
</if>
<kw name="Verify car heading" library="carbasepage">
<arg>${carheading}</arg>
<status status="NOT RUN" starttime="20220610 16:55:34.702" endtime="20220610 16:55:34.702"/>
</kw>
<kw name="get car name" library="carbasepage">
<status status="NOT RUN" starttime="20220610 16:55:34.702" endtime="20220610 16:55:34.703"/>
</kw>
<kw name="Sleep" library="BuiltIn">
<arg>2</arg>
<doc>Pauses the test executed for the given time.</doc>
<status status="NOT RUN" starttime="20220610 16:55:34.703" endtime="20220610 16:55:34.703"/>
</kw>
<status status="FAIL" starttime="20220610 16:54:59.903" endtime="20220610 16:55:34.704"/>
</kw>
<kw name="Finish test case" library="Commons" type="TEARDOWN">
<kw name="Log" library="BuiltIn">
<arg>Ending the test cases</arg>
<doc>Logs the given message with the given level.</doc>
<msg timestamp="20220610 16:55:34.707" level="INFO">Ending the test cases</msg>
<status status="PASS" starttime="20220610 16:55:34.706" endtime="20220610 16:55:34.707"/>
</kw>
<kw name="Close Browser" library="SeleniumLibrary">
<doc>Closes the current browser.</doc>
<status status="PASS" starttime="20220610 16:55:34.708" endtime="20220610 16:55:37.085"/>
</kw>
<status status="PASS" starttime="20220610 16:55:34.705" endtime="20220610 16:55:37.086"/>
</kw>
<status status="FAIL" starttime="20220610 16:54:59.900" endtime="20220610 16:55:37.086">Element with locator '//*[text()='Find New Cars']' not found.</status>
</test>
<test id="s1-s2-t2" name="Get new cars name kia" line="18">
<kw name="find new cars">
<arg>Chrome</arg>
<arg>kia</arg>
<arg>Kia Cars</arg>
<kw name="launching browser" library="Commons">
<arg>${testsiteurl}</arg>
<arg>${Browser}</arg>
<kw name="Open Browser" library="SeleniumLibrary">
<arg>${url}</arg>
<arg>${browserName}</arg>
<doc>Opens a new browser instance to the optional ``url``.</doc>
<msg timestamp="20220610 16:55:37.096" level="INFO">Opening browser 'Chrome' to base url 'https://www.carwale.com/'.</msg>
<status status="PASS" starttime="20220610 16:55:37.094" endtime="20220610 16:55:42.362"/>
</kw>
<kw name="Set Selenium Implicit Wait" library="SeleniumLibrary">
<arg>10 seconds</arg>
<doc>Sets the implicit wait value used by Selenium.</doc>
<status status="PASS" starttime="20220610 16:55:42.363" endtime="20220610 16:55:42.367"/>
</kw>
<kw name="Log Title" library="SeleniumLibrary">
<doc>Logs and returns the title of the current page.</doc>
<msg timestamp="20220610 16:55:42.388" level="INFO">New Cars, Used Cars, Buy a Car, Sell Your Car - CarWale</msg>
<status status="PASS" starttime="20220610 16:55:42.367" endtime="20220610 16:55:42.388"/>
</kw>
<status status="PASS" starttime="20220610 16:55:37.093" endtime="20220610 16:55:42.389"/>
</kw>
<kw name="Go to new car page" library="HomePage">
<kw name="Maximize Browser Window" library="SeleniumLibrary">
<doc>Maximizes current browser window.</doc>
<status status="PASS" starttime="20220610 16:55:42.390" endtime="20220610 16:55:42.617"/>
</kw>
<kw name="Wait Until Element Is Visible" library="SeleniumLibrary">
<arg>${newcar_xpath}</arg>
<doc>Waits until the element ``locator`` is visible.</doc>
<status status="PASS" starttime="20220610 16:55:42.618" endtime="20220610 16:55:42.851"/>
</kw>
<kw name="Sleep" library="BuiltIn">
<arg>2</arg>
<doc>Pauses the test executed for the given time.</doc>
<msg timestamp="20220610 16:55:44.885" level="INFO">Slept 2 seconds</msg>
<status status="PASS" starttime="20220610 16:55:42.852" endtime="20220610 16:55:44.885"/>
</kw>
<kw name="Mouse Over" library="SeleniumLibrary">
<arg>${newcar_xpath}</arg>
<doc>Simulates hovering the mouse over the element ``locator``.</doc>
<msg timestamp="20220610 16:55:44.893" level="INFO">Simulating Mouse Over on element '//div[normalize-space()='NEW CARS']'.</msg>
<status status="PASS" starttime="20220610 16:55:44.886" endtime="20220610 16:55:47.600"/>
</kw>
<kw name="Sleep" library="BuiltIn">
<arg>2</arg>
<doc>Pauses the test executed for the given time.</doc>
<msg timestamp="20220610 16:55:49.613" level="INFO">Slept 2 seconds</msg>
<status status="PASS" starttime="20220610 16:55:47.600" endtime="20220610 16:55:49.613"/>
</kw>
<kw name="Click Element" library="SeleniumLibrary">
<arg>${findnewcarxpath}</arg>
<doc>Click the element identified by ``locator``.</doc>
<msg timestamp="20220610 16:55:49.614" level="INFO">Clicking element '//*[text()='Find New Cars']'.</msg>
<status status="PASS" starttime="20220610 16:55:49.614" endtime="20220610 16:55:50.013"/>
</kw>
<kw name="Element Text Should Be" library="SeleniumLibrary">
<arg>${newcar_header_xpath}</arg>
<arg>New Cars</arg>
<doc>Verifies that element ``locator`` contains exact the text ``expected``.</doc>
<msg timestamp="20220610 16:55:50.015" level="INFO">Verifying element '//h1[normalize-space()='New Cars']' contains exact text 'New Cars'.</msg>
<status status="PASS" starttime="20220610 16:55:50.013" endtime="20220610 16:55:54.694"/>
</kw>
<status status="PASS" starttime="20220610 16:55:42.389" endtime="20220610 16:55:54.695"/>
</kw>
<if>
<branch type="IF" condition="&quot;${Brandname}&quot; == &quot;toyota&quot;">
<kw name="Go to toyota" library="Newcarpage">
<status status="NOT RUN" starttime="20220610 16:55:54.696" endtime="20220610 16:55:54.696"/>
</kw>
<status status="NOT RUN" starttime="20220610 16:55:54.696" endtime="20220610 16:55:54.697"/>
</branch>
<branch type="ELSE IF" condition="&quot;${Brandname}&quot; == &quot;kia&quot;">
<kw name="Go to Kia" library="Newcarpage">
<kw name="Click Element" library="SeleniumLibrary">
<arg>${kia_xpath}</arg>
<doc>Click the element identified by ``locator``.</doc>
<msg timestamp="20220610 16:55:54.700" level="INFO">Clicking element '//img[@title='Kia']'.</msg>
<status status="PASS" starttime="20220610 16:55:54.699" endtime="20220610 16:55:54.831"/>
</kw>
<status status="PASS" starttime="20220610 16:55:54.698" endtime="20220610 16:55:54.832"/>
</kw>
<status status="PASS" starttime="20220610 16:55:54.697" endtime="20220610 16:55:54.832"/>
</branch>
<status status="PASS" starttime="20220610 16:55:54.695" endtime="20220610 16:55:54.832"/>
</if>
<kw name="Verify car heading" library="carbasepage">
<arg>${carheading}</arg>
<kw name="Element Text Should Be" library="SeleniumLibrary">
<arg>${carheading_xpath}</arg>
<arg>${carheading}</arg>
<doc>Verifies that element ``locator`` contains exact the text ``expected``.</doc>
<msg timestamp="20220610 16:55:54.837" level="INFO">Verifying element '//h1[@class='o-dOKno o-bNCMFw o-fzoTzs o-dKUdmM']' contains exact text 'Kia Cars'.</msg>
<status status="PASS" starttime="20220610 16:55:54.835" endtime="20220610 16:55:55.863"/>
</kw>
<status status="PASS" starttime="20220610 16:55:54.833" endtime="20220610 16:55:55.863"/>
</kw>
<kw name="get car name" library="carbasepage">
<kw name="Get WebElements" library="SeleniumLibrary">
<var>@{carnames}</var>
<arg>${carnames_xpath}</arg>
<doc>Returns a list of WebElement objects matching the ``locator``.</doc>
<msg timestamp="20220610 16:55:55.894" level="INFO">@{carnames} = [ &lt;selenium.webdriver.remote.webelement.WebElement (session="ec377f70423a742cc25950daada6cb22", element="e74efb2d-1123-4b87-b1b6-1c65d523ba9a")&gt; | &lt;selenium.webdriver.remote.webelement.WebElement (ses...</msg>
<status status="PASS" starttime="20220610 16:55:55.865" endtime="20220610 16:55:55.894"/>
</kw>
<for flavor="IN">
<var>${carname}</var>
<value>@{carnames}</value>
<iter>
<var name="${carname}">&lt;selenium.webdriver.remote.webelement.WebElement (session="ec377f70423a742cc25950daada6cb22", element="e74efb2d-1123-4b87-b1b6-1c65d523ba9a")&gt;</var>
<kw name="Get Text" library="SeleniumLibrary">
<var>${text}</var>
<arg>${carname}</arg>
<doc>Returns the text value of the element identified by ``locator``.</doc>
<msg timestamp="20220610 16:55:55.929" level="INFO">${text} = Kia Carens</msg>
<status status="PASS" starttime="20220610 16:55:55.896" endtime="20220610 16:55:55.929"/>
</kw>
<kw name="Log To Console" library="BuiltIn">
<arg>${text}</arg>
<doc>Logs the given message to the console.</doc>
<status status="PASS" starttime="20220610 16:55:55.930" endtime="20220610 16:55:55.931"/>
</kw>
<status status="PASS" starttime="20220610 16:55:55.895" endtime="20220610 16:55:55.931"/>
</iter>
<iter>
<var name="${carname}">&lt;selenium.webdriver.remote.webelement.WebElement (session="ec377f70423a742cc25950daada6cb22", element="c40bcb0c-5761-43c9-8128-4106ab9cc667")&gt;</var>
<kw name="Get Text" library="SeleniumLibrary">
<var>${text}</var>
<arg>${carname}</arg>
<doc>Returns the text value of the element identified by ``locator``.</doc>
<msg timestamp="20220610 16:55:55.960" level="INFO">${text} = Kia Sonet</msg>
<status status="PASS" starttime="20220610 16:55:55.932" endtime="20220610 16:55:55.960"/>
</kw>
<kw name="Log To Console" library="BuiltIn">
<arg>${text}</arg>
<doc>Logs the given message to the console.</doc>
<status status="PASS" starttime="20220610 16:55:55.960" endtime="20220610 16:55:55.961"/>
</kw>
<status status="PASS" starttime="20220610 16:55:55.932" endtime="20220610 16:55:55.961"/>
</iter>
<iter>
<var name="${carname}">&lt;selenium.webdriver.remote.webelement.WebElement (session="ec377f70423a742cc25950daada6cb22", element="9cd50a16-90ee-4dad-ac69-d65125240256")&gt;</var>
<kw name="Get Text" library="SeleniumLibrary">
<var>${text}</var>
<arg>${carname}</arg>
<doc>Returns the text value of the element identified by ``locator``.</doc>
<msg timestamp="20220610 16:55:55.994" level="INFO">${text} = Kia Seltos</msg>
<status status="PASS" starttime="20220610 16:55:55.962" endtime="20220610 16:55:55.994"/>
</kw>
<kw name="Log To Console" library="BuiltIn">
<arg>${text}</arg>
<doc>Logs the given message to the console.</doc>
<status status="PASS" starttime="20220610 16:55:55.994" endtime="20220610 16:55:55.995"/>
</kw>
<status status="PASS" starttime="20220610 16:55:55.962" endtime="20220610 16:55:55.995"/>
</iter>
<iter>
<var name="${carname}">&lt;selenium.webdriver.remote.webelement.WebElement (session="ec377f70423a742cc25950daada6cb22", element="b3c7371e-57e0-4c2a-8b2a-f0308c9ffc97")&gt;</var>
<kw name="Get Text" library="SeleniumLibrary">
<var>${text}</var>
<arg>${carname}</arg>
<doc>Returns the text value of the element identified by ``locator``.</doc>
<msg timestamp="20220610 16:55:56.022" level="INFO">${text} = Kia EV6</msg>
<status status="PASS" starttime="20220610 16:55:55.996" endtime="20220610 16:55:56.022"/>
</kw>
<kw name="Log To Console" library="BuiltIn">
<arg>${text}</arg>
<doc>Logs the given message to the console.</doc>
<status status="PASS" starttime="20220610 16:55:56.023" endtime="20220610 16:55:56.024"/>
</kw>
<status status="PASS" starttime="20220610 16:55:55.996" endtime="20220610 16:55:56.024"/>
</iter>
<iter>
<var name="${carname}">&lt;selenium.webdriver.remote.webelement.WebElement (session="ec377f70423a742cc25950daada6cb22", element="bea62aef-25e3-4e01-b9bc-4c9ce6e69f26")&gt;</var>
<kw name="Get Text" library="SeleniumLibrary">
<var>${text}</var>
<arg>${carname}</arg>
<doc>Returns the text value of the element identified by ``locator``.</doc>
<msg timestamp="20220610 16:55:56.051" level="INFO">${text} = Kia Carnival</msg>
<status status="PASS" starttime="20220610 16:55:56.026" endtime="20220610 16:55:56.051"/>
</kw>
<kw name="Log To Console" library="BuiltIn">
<arg>${text}</arg>
<doc>Logs the given message to the console.</doc>
<status status="PASS" starttime="20220610 16:55:56.052" endtime="20220610 16:55:56.053"/>
</kw>
<status status="PASS" starttime="20220610 16:55:56.025" endtime="20220610 16:55:56.054"/>
</iter>
<status status="PASS" starttime="20220610 16:55:55.895" endtime="20220610 16:55:56.054"/>
</for>
<status status="PASS" starttime="20220610 16:55:55.864" endtime="20220610 16:55:56.054"/>
</kw>
<kw name="Sleep" library="BuiltIn">
<arg>2</arg>
<doc>Pauses the test executed for the given time.</doc>
<msg timestamp="20220610 16:55:58.069" level="INFO">Slept 2 seconds</msg>
<status status="PASS" starttime="20220610 16:55:56.055" endtime="20220610 16:55:58.069"/>
</kw>
<status status="PASS" starttime="20220610 16:55:37.092" endtime="20220610 16:55:58.069"/>
</kw>
<kw name="Finish test case" library="Commons" type="TEARDOWN">
<kw name="Log" library="BuiltIn">
<arg>Ending the test cases</arg>
<doc>Logs the given message with the given level.</doc>
<msg timestamp="20220610 16:55:58.074" level="INFO">Ending the test cases</msg>
<status status="PASS" starttime="20220610 16:55:58.073" endtime="20220610 16:55:58.074"/>
</kw>
<kw name="Close Browser" library="SeleniumLibrary">
<doc>Closes the current browser.</doc>
<status status="PASS" starttime="20220610 16:55:58.074" endtime="20220610 16:56:00.698"/>
</kw>
<status status="PASS" starttime="20220610 16:55:58.071" endtime="20220610 16:56:00.700"/>
</kw>
<status status="PASS" starttime="20220610 16:55:37.088" endtime="20220610 16:56:00.701"/>
</test>
<status status="FAIL" starttime="20220610 16:54:58.155" endtime="20220610 16:56:00.703"/>
</suite>
<suite id="s1-s3" name="Getcarnametest" source="E:\Workspace\RobotPOMWay2\TestCases\getcarnametest.robot">
<test id="s1-s3-t1" name="find new cars toyota" line="18">
<kw name="find new cars">
<arg>Chrome</arg>
<arg>toyota</arg>
<arg>Toyota Cars</arg>
<kw name="launching browser" library="Commons">
<arg>${testsiteurl}</arg>
<arg>${Browser}</arg>
<kw name="Open Browser" library="SeleniumLibrary">
<arg>${url}</arg>
<arg>${browserName}</arg>
<doc>Opens a new browser instance to the optional ``url``.</doc>
<msg timestamp="20220610 16:54:57.575" level="INFO">Opening browser 'Chrome' to base url 'https://www.carwale.com/'.</msg>
<status status="PASS" starttime="20220610 16:54:57.573" endtime="20220610 16:55:13.573"/>
</kw>
<kw name="Set Selenium Implicit Wait" library="SeleniumLibrary">
<arg>10 seconds</arg>
<doc>Sets the implicit wait value used by Selenium.</doc>
<status status="PASS" starttime="20220610 16:55:13.573" endtime="20220610 16:55:13.576"/>
</kw>
<kw name="Log Title" library="SeleniumLibrary">
<doc>Logs and returns the title of the current page.</doc>
<msg timestamp="20220610 16:55:13.645" level="INFO">New Cars, Used Cars, Buy a Car, Sell Your Car - CarWale</msg>
<status status="PASS" starttime="20220610 16:55:13.577" endtime="20220610 16:55:13.645"/>
</kw>
<status status="PASS" starttime="20220610 16:54:57.571" endtime="20220610 16:55:13.646"/>
</kw>
<kw name="Go to new car page" library="HomePage">
<kw name="Maximize Browser Window" library="SeleniumLibrary">
<doc>Maximizes current browser window.</doc>
<status status="PASS" starttime="20220610 16:55:13.647" endtime="20220610 16:55:13.969"/>
</kw>
<kw name="Wait Until Element Is Visible" library="SeleniumLibrary">
<arg>${newcar_xpath}</arg>
<doc>Waits until the element ``locator`` is visible.</doc>
<status status="PASS" starttime="20220610 16:55:13.970" endtime="20220610 16:55:14.072"/>
</kw>
<kw name="Sleep" library="BuiltIn">
<arg>2</arg>
<doc>Pauses the test executed for the given time.</doc>
<msg timestamp="20220610 16:55:16.089" level="INFO">Slept 2 seconds</msg>
<status status="PASS" starttime="20220610 16:55:14.073" endtime="20220610 16:55:16.089"/>
</kw>
<kw name="Mouse Over" library="SeleniumLibrary">
<arg>${newcar_xpath}</arg>
<doc>Simulates hovering the mouse over the element ``locator``.</doc>
<msg timestamp="20220610 16:55:16.091" level="INFO">Simulating Mouse Over on element '//div[normalize-space()='NEW CARS']'.</msg>
<status status="PASS" starttime="20220610 16:55:16.090" endtime="20220610 16:55:19.455"/>
</kw>
<kw name="Sleep" library="BuiltIn">
<arg>2</arg>
<doc>Pauses the test executed for the given time.</doc>
<msg timestamp="20220610 16:55:21.470" level="INFO">Slept 2 seconds</msg>
<status status="PASS" starttime="20220610 16:55:19.456" endtime="20220610 16:55:21.470"/>
</kw>
<kw name="Click Element" library="SeleniumLibrary">
<arg>${findnewcarxpath}</arg>
<doc>Click the element identified by ``locator``.</doc>
<msg timestamp="20220610 16:55:21.472" level="INFO">Clicking element '//*[text()='Find New Cars']'.</msg>
<status status="PASS" starttime="20220610 16:55:21.471" endtime="20220610 16:55:21.918"/>
</kw>
<kw name="Element Text Should Be" library="SeleniumLibrary">
<arg>${newcar_header_xpath}</arg>
<arg>New Cars</arg>
<doc>Verifies that element ``locator`` contains exact the text ``expected``.</doc>
<msg timestamp="20220610 16:55:21.920" level="INFO">Verifying element '//h1[normalize-space()='New Cars']' contains exact text 'New Cars'.</msg>
<msg timestamp="20220610 16:55:33.212" level="INFO" html="true">&lt;/td&gt;&lt;/tr&gt;&lt;tr&gt;&lt;td colspan="3"&gt;&lt;a href="2-selenium-screenshot-1.png"&gt;&lt;img src="2-selenium-screenshot-1.png" width="800px"&gt;&lt;/a&gt;</msg>
<msg timestamp="20220610 16:55:33.213" level="FAIL">Element with locator '//h1[normalize-space()='New Cars']' not found.</msg>
<status status="FAIL" starttime="20220610 16:55:21.918" endtime="20220610 16:55:33.223"/>
</kw>
<status status="FAIL" starttime="20220610 16:55:13.646" endtime="20220610 16:55:33.225"/>
</kw>
<if>
<branch type="IF" condition="&quot;${Brandname}&quot; == &quot;toyota&quot;">
<kw name="Go to toyota" library="Newcarpage">
<status status="NOT RUN" starttime="20220610 16:55:33.227" endtime="20220610 16:55:33.228"/>
</kw>
<status status="NOT RUN" starttime="20220610 16:55:33.227" endtime="20220610 16:55:33.228"/>
</branch>
<branch type="ELSE IF" condition="&quot;${Brandname}&quot; == &quot;kia&quot;">
<kw name="Go to Kia" library="Newcarpage">
<status status="NOT RUN" starttime="20220610 16:55:33.228" endtime="20220610 16:55:33.229"/>
</kw>
<status status="NOT RUN" starttime="20220610 16:55:33.228" endtime="20220610 16:55:33.229"/>
</branch>
<status status="NOT RUN" starttime="20220610 16:55:33.227" endtime="20220610 16:55:33.229"/>
</if>
<kw name="Verify car heading" library="carbasepage">
<arg>${carheading}</arg>
<status status="NOT RUN" starttime="20220610 16:55:33.229" endtime="20220610 16:55:33.230"/>
</kw>
<kw name="get car name" library="carbasepage">
<status status="NOT RUN" starttime="20220610 16:55:33.230" endtime="20220610 16:55:33.230"/>
</kw>
<kw name="Sleep" library="BuiltIn">
<arg>2</arg>
<doc>Pauses the test executed for the given time.</doc>
<status status="NOT RUN" starttime="20220610 16:55:33.230" endtime="20220610 16:55:33.231"/>
</kw>
<status status="FAIL" starttime="20220610 16:54:57.562" endtime="20220610 16:55:33.232"/>
</kw>
<kw name="Finish test case" library="Commons" type="TEARDOWN">
<kw name="Log" library="BuiltIn">
<arg>Ending the test cases</arg>
<doc>Logs the given message with the given level.</doc>
<msg timestamp="20220610 16:55:33.235" level="INFO">Ending the test cases</msg>
<status status="PASS" starttime="20220610 16:55:33.234" endtime="20220610 16:55:33.235"/>
</kw>
<kw name="Close Browser" library="SeleniumLibrary">
<doc>Closes the current browser.</doc>
<status status="PASS" starttime="20220610 16:55:33.235" endtime="20220610 16:55:35.888"/>
</kw>
<status status="PASS" starttime="20220610 16:55:33.233" endtime="20220610 16:55:35.889"/>
</kw>
<status status="FAIL" starttime="20220610 16:54:57.557" endtime="20220610 16:55:35.890">Element with locator '//h1[normalize-space()='New Cars']' not found.</status>
</test>
<test id="s1-s3-t2" name="find new cars kia" line="18">
<kw name="find new cars">
<arg>Chrome</arg>
<arg>kia</arg>
<arg>Kia Cars</arg>
<kw name="launching browser" library="Commons">
<arg>${testsiteurl}</arg>
<arg>${Browser}</arg>
<kw name="Open Browser" library="SeleniumLibrary">
<arg>${url}</arg>
<arg>${browserName}</arg>
<doc>Opens a new browser instance to the optional ``url``.</doc>
<msg timestamp="20220610 16:55:35.907" level="INFO">Opening browser 'Chrome' to base url 'https://www.carwale.com/'.</msg>
<status status="PASS" starttime="20220610 16:55:35.905" endtime="20220610 16:55:41.228"/>
</kw>
<kw name="Set Selenium Implicit Wait" library="SeleniumLibrary">
<arg>10 seconds</arg>
<doc>Sets the implicit wait value used by Selenium.</doc>
<status status="PASS" starttime="20220610 16:55:41.229" endtime="20220610 16:55:41.233"/>
</kw>
<kw name="Log Title" library="SeleniumLibrary">
<doc>Logs and returns the title of the current page.</doc>
<msg timestamp="20220610 16:55:41.247" level="INFO">New Cars, Used Cars, Buy a Car, Sell Your Car - CarWale</msg>
<status status="PASS" starttime="20220610 16:55:41.233" endtime="20220610 16:55:41.247"/>
</kw>
<status status="PASS" starttime="20220610 16:55:35.902" endtime="20220610 16:55:41.247"/>
</kw>
<kw name="Go to new car page" library="HomePage">
<kw name="Maximize Browser Window" library="SeleniumLibrary">
<doc>Maximizes current browser window.</doc>
<status status="PASS" starttime="20220610 16:55:41.249" endtime="20220610 16:55:41.521"/>
</kw>
<kw name="Wait Until Element Is Visible" library="SeleniumLibrary">
<arg>${newcar_xpath}</arg>
<doc>Waits until the element ``locator`` is visible.</doc>
<status status="PASS" starttime="20220610 16:55:41.522" endtime="20220610 16:55:41.660"/>
</kw>
<kw name="Sleep" library="BuiltIn">
<arg>2</arg>
<doc>Pauses the test executed for the given time.</doc>
<msg timestamp="20220610 16:55:43.668" level="INFO">Slept 2 seconds</msg>
<status status="PASS" starttime="20220610 16:55:41.661" endtime="20220610 16:55:43.668"/>
</kw>
<kw name="Mouse Over" library="SeleniumLibrary">
<arg>${newcar_xpath}</arg>
<doc>Simulates hovering the mouse over the element ``locator``.</doc>
<msg timestamp="20220610 16:55:43.669" level="INFO">Simulating Mouse Over on element '//div[normalize-space()='NEW CARS']'.</msg>
<status status="PASS" starttime="20220610 16:55:43.668" endtime="20220610 16:55:46.701"/>
</kw>
<kw name="Sleep" library="BuiltIn">
<arg>2</arg>
<doc>Pauses the test executed for the given time.</doc>
<msg timestamp="20220610 16:55:48.716" level="INFO">Slept 2 seconds</msg>
<status status="PASS" starttime="20220610 16:55:46.701" endtime="20220610 16:55:48.716"/>
</kw>
<kw name="Click Element" library="SeleniumLibrary">
<arg>${findnewcarxpath}</arg>
<doc>Click the element identified by ``locator``.</doc>
<msg timestamp="20220610 16:55:48.718" level="INFO">Clicking element '//*[text()='Find New Cars']'.</msg>
<status status="PASS" starttime="20220610 16:55:48.717" endtime="20220610 16:55:48.970"/>
</kw>
<kw name="Element Text Should Be" library="SeleniumLibrary">
<arg>${newcar_header_xpath}</arg>
<arg>New Cars</arg>
<doc>Verifies that element ``locator`` contains exact the text ``expected``.</doc>
<msg timestamp="20220610 16:55:48.972" level="INFO">Verifying element '//h1[normalize-space()='New Cars']' contains exact text 'New Cars'.</msg>
<status status="PASS" starttime="20220610 16:55:48.971" endtime="20220610 16:55:49.848"/>
</kw>
<status status="PASS" starttime="20220610 16:55:41.248" endtime="20220610 16:55:49.849"/>
</kw>
<if>
<branch type="IF" condition="&quot;${Brandname}&quot; == &quot;toyota&quot;">
<kw name="Go to toyota" library="Newcarpage">
<status status="NOT RUN" starttime="20220610 16:55:49.850" endtime="20220610 16:55:49.851"/>
</kw>
<status status="NOT RUN" starttime="20220610 16:55:49.849" endtime="20220610 16:55:49.851"/>
</branch>
<branch type="ELSE IF" condition="&quot;${Brandname}&quot; == &quot;kia&quot;">
<kw name="Go to Kia" library="Newcarpage">
<kw name="Click Element" library="SeleniumLibrary">
<arg>${kia_xpath}</arg>
<doc>Click the element identified by ``locator``.</doc>
<msg timestamp="20220610 16:55:49.856" level="INFO">Clicking element '//img[@title='Kia']'.</msg>
<status status="PASS" starttime="20220610 16:55:49.854" endtime="20220610 16:55:53.276"/>
</kw>
<status status="PASS" starttime="20220610 16:55:49.853" endtime="20220610 16:55:53.276"/>
</kw>
<status status="PASS" starttime="20220610 16:55:49.851" endtime="20220610 16:55:53.276"/>
</branch>
<status status="PASS" starttime="20220610 16:55:49.849" endtime="20220610 16:55:53.277"/>
</if>
<kw name="Verify car heading" library="carbasepage">
<arg>${carheading}</arg>
<kw name="Element Text Should Be" library="SeleniumLibrary">
<arg>${carheading_xpath}</arg>
<arg>${carheading}</arg>
<doc>Verifies that element ``locator`` contains exact the text ``expected``.</doc>
<msg timestamp="20220610 16:55:53.280" level="INFO">Verifying element '//h1[@class='o-dOKno o-bNCMFw o-fzoTzs o-dKUdmM']' contains exact text 'Kia Cars'.</msg>
<status status="PASS" starttime="20220610 16:55:53.278" endtime="20220610 16:55:54.123"/>
</kw>
<status status="PASS" starttime="20220610 16:55:53.277" endtime="20220610 16:55:54.124"/>
</kw>
<kw name="get car name" library="carbasepage">
<kw name="Get WebElements" library="SeleniumLibrary">
<var>@{carnames}</var>
<arg>${carnames_xpath}</arg>
<doc>Returns a list of WebElement objects matching the ``locator``.</doc>
<msg timestamp="20220610 16:55:54.179" level="INFO">@{carnames} = [ &lt;selenium.webdriver.remote.webelement.WebElement (session="30de40808a96926a88228248dbf8e6c5", element="40896e09-e969-4e22-bc34-78cc86280d66")&gt; | &lt;selenium.webdriver.remote.webelement.WebElement (ses...</msg>
<status status="PASS" starttime="20220610 16:55:54.125" endtime="20220610 16:55:54.179"/>
</kw>
<for flavor="IN">
<var>${carname}</var>
<value>@{carnames}</value>
<iter>
<var name="${carname}">&lt;selenium.webdriver.remote.webelement.WebElement (session="30de40808a96926a88228248dbf8e6c5", element="40896e09-e969-4e22-bc34-78cc86280d66")&gt;</var>
<kw name="Get Text" library="SeleniumLibrary">
<var>${text}</var>
<arg>${carname}</arg>
<doc>Returns the text value of the element identified by ``locator``.</doc>
<msg timestamp="20220610 16:55:54.214" level="INFO">${text} = Kia Carens</msg>
<status status="PASS" starttime="20220610 16:55:54.181" endtime="20220610 16:55:54.214"/>
</kw>
<kw name="Log To Console" library="BuiltIn">
<arg>${text}</arg>
<doc>Logs the given message to the console.</doc>
<status status="PASS" starttime="20220610 16:55:54.215" endtime="20220610 16:55:54.216"/>
</kw>
<status status="PASS" starttime="20220610 16:55:54.180" endtime="20220610 16:55:54.216"/>
</iter>
<iter>
<var name="${carname}">&lt;selenium.webdriver.remote.webelement.WebElement (session="30de40808a96926a88228248dbf8e6c5", element="5b39babc-b2f9-4aea-96fd-5a44ec29e9cb")&gt;</var>
<kw name="Get Text" library="SeleniumLibrary">
<var>${text}</var>
<arg>${carname}</arg>
<doc>Returns the text value of the element identified by ``locator``.</doc>
<msg timestamp="20220610 16:55:54.263" level="INFO">${text} = Kia Sonet</msg>
<status status="PASS" starttime="20220610 16:55:54.217" endtime="20220610 16:55:54.263"/>
</kw>
<kw name="Log To Console" library="BuiltIn">
<arg>${text}</arg>
<doc>Logs the given message to the console.</doc>
<status status="PASS" starttime="20220610 16:55:54.263" endtime="20220610 16:55:54.264"/>
</kw>
<status status="PASS" starttime="20220610 16:55:54.216" endtime="20220610 16:55:54.265"/>
</iter>
<iter>
<var name="${carname}">&lt;selenium.webdriver.remote.webelement.WebElement (session="30de40808a96926a88228248dbf8e6c5", element="7f8af705-0fa2-4cab-b112-fb726ce5a08e")&gt;</var>
<kw name="Get Text" library="SeleniumLibrary">
<var>${text}</var>
<arg>${carname}</arg>
<doc>Returns the text value of the element identified by ``locator``.</doc>
<msg timestamp="20220610 16:55:54.302" level="INFO">${text} = Kia Seltos</msg>
<status status="PASS" starttime="20220610 16:55:54.266" endtime="20220610 16:55:54.302"/>
</kw>
<kw name="Log To Console" library="BuiltIn">
<arg>${text}</arg>
<doc>Logs the given message to the console.</doc>
<status status="PASS" starttime="20220610 16:55:54.303" endtime="20220610 16:55:54.304"/>
</kw>
<status status="PASS" starttime="20220610 16:55:54.265" endtime="20220610 16:55:54.304"/>
</iter>
<iter>
<var name="${carname}">&lt;selenium.webdriver.remote.webelement.WebElement (session="30de40808a96926a88228248dbf8e6c5", element="d405601d-d26d-4a19-bbed-aa6832081ccf")&gt;</var>
<kw name="Get Text" library="SeleniumLibrary">
<var>${text}</var>
<arg>${carname}</arg>
<doc>Returns the text value of the element identified by ``locator``.</doc>
<msg timestamp="20220610 16:55:54.331" level="INFO">${text} = Kia EV6</msg>
<status status="PASS" starttime="20220610 16:55:54.305" endtime="20220610 16:55:54.331"/>
</kw>
<kw name="Log To Console" library="BuiltIn">
<arg>${text}</arg>
<doc>Logs the given message to the console.</doc>
<status status="PASS" starttime="20220610 16:55:54.332" endtime="20220610 16:55:54.333"/>
</kw>
<status status="PASS" starttime="20220610 16:55:54.304" endtime="20220610 16:55:54.333"/>
</iter>
<iter>
<var name="${carname}">&lt;selenium.webdriver.remote.webelement.WebElement (session="30de40808a96926a88228248dbf8e6c5", element="05a3ea3c-1f0e-410b-9e5c-c6025ffc16ae")&gt;</var>
<kw name="Get Text" library="SeleniumLibrary">
<var>${text}</var>
<arg>${carname}</arg>
<doc>Returns the text value of the element identified by ``locator``.</doc>
<msg timestamp="20220610 16:55:54.363" level="INFO">${text} = Kia Carnival</msg>
<status status="PASS" starttime="20220610 16:55:54.334" endtime="20220610 16:55:54.363"/>
</kw>
<kw name="Log To Console" library="BuiltIn">
<arg>${text}</arg>
<doc>Logs the given message to the console.</doc>
<status status="PASS" starttime="20220610 16:55:54.363" endtime="20220610 16:55:54.364"/>
</kw>
<status status="PASS" starttime="20220610 16:55:54.333" endtime="20220610 16:55:54.365"/>
</iter>
<status status="PASS" starttime="20220610 16:55:54.179" endtime="20220610 16:55:54.365"/>
</for>
<status status="PASS" starttime="20220610 16:55:54.124" endtime="20220610 16:55:54.365"/>
</kw>
<kw name="Sleep" library="BuiltIn">
<arg>2</arg>
<doc>Pauses the test executed for the given time.</doc>
<msg timestamp="20220610 16:55:56.372" level="INFO">Slept 2 seconds</msg>
<status status="PASS" starttime="20220610 16:55:54.366" endtime="20220610 16:55:56.373"/>
</kw>
<status status="PASS" starttime="20220610 16:55:35.900" endtime="20220610 16:55:56.373"/>
</kw>
<kw name="Finish test case" library="Commons" type="TEARDOWN">
<kw name="Log" library="BuiltIn">
<arg>Ending the test cases</arg>
<doc>Logs the given message with the given level.</doc>
<msg timestamp="20220610 16:55:56.387" level="INFO">Ending the test cases</msg>
<status status="PASS" starttime="20220610 16:55:56.381" endtime="20220610 16:55:56.388"/>
</kw>
<kw name="Close Browser" library="SeleniumLibrary">
<doc>Closes the current browser.</doc>
<status status="PASS" starttime="20220610 16:55:56.389" endtime="20220610 16:56:01.959"/>
</kw>
<status status="PASS" starttime="20220610 16:55:56.376" endtime="20220610 16:56:01.959"/>
</kw>
<status status="PASS" starttime="20220610 16:55:35.894" endtime="20220610 16:56:01.959"/>
</test>
<status status="FAIL" starttime="20220610 16:54:53.489" endtime="20220610 16:56:01.960"/>
</suite>
<doc>[https://pabot.org/?ref=log|Pabot] result from 3 executions.</doc>
<status status="FAIL" starttime="20220610 16:54:53.412" endtime="20220610 16:56:01.962"/>
</suite>
<statistics>
<total>
<stat pass="3" fail="2" skip="0">All Tests</stat>
</total>
<tag>
</tag>
<suite>
<stat pass="3" fail="2" skip="0" id="s1" name="TestCases">TestCases</stat>
<stat pass="1" fail="0" skip="0" id="s1-s1" name="Findnewcartext">TestCases.Findnewcartext</stat>
<stat pass="1" fail="1" skip="0" id="s1-s2" name="Findnewcartextdatadriven">TestCases.Findnewcartextdatadriven</stat>
<stat pass="1" fail="1" skip="0" id="s1-s3" name="Getcarnametest">TestCases.Getcarnametest</stat>
</suite>
</statistics>
<errors>
</errors>
</robot>
